CRITICAL - 2023-02-11 14:08:23 --> Class "Locale" not found
in SYSTEMPATH/CodeIgniter.php on line 194.
 1 ROOTPATH/spark(83): CodeIgniter\CodeIgniter->initialize()
CRITICAL - 2023-02-11 14:09:19 --> Class "Locale" not found
in SYSTEMPATH/CodeIgniter.php on line 194.
 1 ROOTPATH/spark(83): CodeIgniter\CodeIgniter->initialize()
CRITICAL - 2023-02-11 14:11:30 --> Class "Locale" not found
in SYSTEMPATH/CodeIgniter.php on line 194.
 1 ROOTPATH/spark(83): CodeIgniter\CodeIgniter->initialize()
CRITICAL - 2023-02-11 07:22:00 --> Undefined constant "CodeIgniter\Database\MySQLi\MYSQLI_STORE_RESULT"
in SYSTEMPATH/Database/Database.php on line 138.
 1 SYSTEMPATH/Database/Database.php(56): CodeIgniter\Database\Database->initDriver()
 2 SYSTEMPATH/Database/Config.php(82): CodeIgniter\Database\Database->load()
 3 SYSTEMPATH/Model.php(154): CodeIgniter\Database\Config::connect()
 4 APPPATH/Controllers/Login.php(16): CodeIgniter\Model->__construct()
 5 SYSTEMPATH/CodeIgniter.php(934): App\Controllers\Login->index()
 6 SYSTEMPATH/CodeIgniter.php(499): CodeIgniter\CodeIgniter->runController()
 7 SYSTEMPATH/CodeIgniter.php(368): CodeIgniter\CodeIgniter->handleRequest()
 8 FCPATH/index.php(67): CodeIgniter\CodeIgniter->run()
 9 SYSTEMPATH/Commands/Server/rewrite.php(47): require_once('FCPATH/index.php')
CRITICAL - 2023-02-11 14:02:04 --> Undefined constant "CodeIgniter\Database\MySQLi\MYSQLI_STORE_RESULT"
in SYSTEMPATH/Database/Database.php on line 138.
 1 SYSTEMPATH/Database/Database.php(56): CodeIgniter\Database\Database->initDriver()
 2 SYSTEMPATH/Database/Config.php(82): CodeIgniter\Database\Database->load()
 3 SYSTEMPATH/Common.php(352): CodeIgniter\Database\Config::connect()
 4 SYSTEMPATH/Database/MigrationRunner.php(151): db_connect()
 5 SYSTEMPATH/Config/Services.php(411): CodeIgniter\Database\MigrationRunner->__construct()
 6 SYSTEMPATH/Config/BaseService.php(252): CodeIgniter\Config\Services::migrations()
 7 SYSTEMPATH/Config/BaseService.php(193): CodeIgniter\Config\BaseService::__callStatic()
 8 SYSTEMPATH/Config/Services.php(406): CodeIgniter\Config\BaseService::getSharedInstance()
 9 SYSTEMPATH/Config/BaseService.php(252): CodeIgniter\Config\Services::migrations()
10 SYSTEMPATH/Commands/Database/Migrate.php(69): CodeIgniter\Config\BaseService::__callStatic()
11 SYSTEMPATH/CLI/Commands.php(65): CodeIgniter\Commands\Database\Migrate->run()
12 SYSTEMPATH/CLI/Console.php(37): CodeIgniter\CLI\Commands->run()
13 ROOTPATH/spark(97): CodeIgniter\CLI\Console->run()
CRITICAL - 2023-02-11 14:15:00 --> Undefined constant "CodeIgniter\Database\MySQLi\MYSQLI_STORE_RESULT"
in SYSTEMPATH/Database/Database.php on line 138.
 1 SYSTEMPATH/Database/Database.php(56): CodeIgniter\Database\Database->initDriver()
 2 SYSTEMPATH/Database/Config.php(82): CodeIgniter\Database\Database->load()
 3 SYSTEMPATH/Common.php(352): CodeIgniter\Database\Config::connect()
 4 SYSTEMPATH/Database/MigrationRunner.php(151): db_connect()
 5 SYSTEMPATH/Config/Services.php(411): CodeIgniter\Database\MigrationRunner->__construct()
 6 SYSTEMPATH/Config/BaseService.php(252): CodeIgniter\Config\Services::migrations()
 7 SYSTEMPATH/Config/BaseService.php(193): CodeIgniter\Config\BaseService::__callStatic()
 8 SYSTEMPATH/Config/Services.php(406): CodeIgniter\Config\BaseService::getSharedInstance()
 9 SYSTEMPATH/Config/BaseService.php(252): CodeIgniter\Config\Services::migrations()
10 SYSTEMPATH/Commands/Database/Migrate.php(69): CodeIgniter\Config\BaseService::__callStatic()
11 SYSTEMPATH/CLI/Commands.php(65): CodeIgniter\Commands\Database\Migrate->run()
12 SYSTEMPATH/CLI/Console.php(37): CodeIgniter\CLI\Commands->run()
13 ROOTPATH/spark(97): CodeIgniter\CLI\Console->run()
CRITICAL - 2023-02-11 14:19:00 --> Undefined constant "CodeIgniter\Database\MySQLi\MYSQLI_STORE_RESULT"
in SYSTEMPATH/Database/Database.php on line 138.
 1 SYSTEMPATH/Database/Database.php(56): CodeIgniter\Database\Database->initDriver()
 2 SYSTEMPATH/Database/Config.php(82): CodeIgniter\Database\Database->load()
 3 SYSTEMPATH/Common.php(352): CodeIgniter\Database\Config::connect()
 4 SYSTEMPATH/Database/MigrationRunner.php(151): db_connect()
 5 SYSTEMPATH/Config/Services.php(411): CodeIgniter\Database\MigrationRunner->__construct()
 6 SYSTEMPATH/Config/BaseService.php(252): CodeIgniter\Config\Services::migrations()
 7 SYSTEMPATH/Config/BaseService.php(193): CodeIgniter\Config\BaseService::__callStatic()
 8 SYSTEMPATH/Config/Services.php(406): CodeIgniter\Config\BaseService::getSharedInstance()
 9 SYSTEMPATH/Config/BaseService.php(252): CodeIgniter\Config\Services::migrations()
10 SYSTEMPATH/Commands/Database/Migrate.php(69): CodeIgniter\Config\BaseService::__callStatic()
11 SYSTEMPATH/CLI/Commands.php(65): CodeIgniter\Commands\Database\Migrate->run()
12 SYSTEMPATH/CLI/Console.php(37): CodeIgniter\CLI\Commands->run()
13 ROOTPATH/spark(97): CodeIgniter\CLI\Console->run()
CRITICAL - 2023-02-11 14:19:08 --> Undefined constant "CodeIgniter\Database\MySQLi\MYSQLI_STORE_RESULT"
in SYSTEMPATH/Database/Database.php on line 138.
 1 SYSTEMPATH/Database/Database.php(56): CodeIgniter\Database\Database->initDriver()
 2 SYSTEMPATH/Database/Config.php(82): CodeIgniter\Database\Database->load()
 3 SYSTEMPATH/Common.php(352): CodeIgniter\Database\Config::connect()
 4 SYSTEMPATH/Database/MigrationRunner.php(151): db_connect()
 5 SYSTEMPATH/Config/Services.php(411): CodeIgniter\Database\MigrationRunner->__construct()
 6 SYSTEMPATH/Config/BaseService.php(252): CodeIgniter\Config\Services::migrations()
 7 SYSTEMPATH/Config/BaseService.php(193): CodeIgniter\Config\BaseService::__callStatic()
 8 SYSTEMPATH/Config/Services.php(406): CodeIgniter\Config\BaseService::getSharedInstance()
 9 SYSTEMPATH/Config/BaseService.php(252): CodeIgniter\Config\Services::migrations()
10 SYSTEMPATH/Commands/Database/Migrate.php(69): CodeIgniter\Config\BaseService::__callStatic()
11 SYSTEMPATH/CLI/Commands.php(65): CodeIgniter\Commands\Database\Migrate->run()
12 SYSTEMPATH/CLI/Console.php(37): CodeIgniter\CLI\Commands->run()
13 ROOTPATH/spark(97): CodeIgniter\CLI\Console->run()
CRITICAL - 2023-02-11 14:19:32 --> Undefined constant "CodeIgniter\Database\MySQLi\MYSQLI_STORE_RESULT"
in SYSTEMPATH/Database/Database.php on line 138.
 1 SYSTEMPATH/Database/Database.php(56): CodeIgniter\Database\Database->initDriver()
 2 SYSTEMPATH/Database/Config.php(82): CodeIgniter\Database\Database->load()
 3 SYSTEMPATH/Common.php(352): CodeIgniter\Database\Config::connect()
 4 SYSTEMPATH/Database/MigrationRunner.php(151): db_connect()
 5 SYSTEMPATH/Config/Services.php(411): CodeIgniter\Database\MigrationRunner->__construct()
 6 SYSTEMPATH/Config/BaseService.php(252): CodeIgniter\Config\Services::migrations()
 7 SYSTEMPATH/Config/BaseService.php(193): CodeIgniter\Config\BaseService::__callStatic()
 8 SYSTEMPATH/Config/Services.php(406): CodeIgniter\Config\BaseService::getSharedInstance()
 9 SYSTEMPATH/Config/BaseService.php(252): CodeIgniter\Config\Services::migrations()
10 SYSTEMPATH/Commands/Database/Migrate.php(69): CodeIgniter\Config\BaseService::__callStatic()
11 SYSTEMPATH/CLI/Commands.php(65): CodeIgniter\Commands\Database\Migrate->run()
12 SYSTEMPATH/CLI/Console.php(37): CodeIgniter\CLI\Commands->run()
13 ROOTPATH/spark(97): CodeIgniter\CLI\Console->run()
ERROR - 2023-02-11 14:21:50 --> Error connecting to the database: ErrorException: mysqli::real_connect(): php_network_getaddresses: getaddrinfo for mysqldb failed: Temporary failure in name resolution in /media/kev/Data/xampp/htdocs/ci4-server/system/Database/MySQLi/Connection.php:174
Stack trace:
#0 [internal function]: CodeIgniter\Debug\Exceptions->errorHandler()
#1 /media/kev/Data/xampp/htdocs/ci4-server/system/Database/MySQLi/Connection.php(174): mysqli->real_connect()
#2 /media/kev/Data/xampp/htdocs/ci4-server/system/Database/BaseConnection.php(391): CodeIgniter\Database\MySQLi\Connection->connect()
#3 /media/kev/Data/xampp/htdocs/ci4-server/system/Database/BaseConnection.php(573): CodeIgniter\Database\BaseConnection->initialize()
#4 /media/kev/Data/xampp/htdocs/ci4-server/system/Database/BaseConnection.php(1408): CodeIgniter\Database\BaseConnection->query()
#5 /media/kev/Data/xampp/htdocs/ci4-server/system/Database/BaseConnection.php(1427): CodeIgniter\Database\BaseConnection->listTables()
#6 /media/kev/Data/xampp/htdocs/ci4-server/system/Database/MigrationRunner.php(768): CodeIgniter\Database\BaseConnection->tableExists()
#7 /media/kev/Data/xampp/htdocs/ci4-server/system/Database/MigrationRunner.php(168): CodeIgniter\Database\MigrationRunner->ensureTable()
#8 /media/kev/Data/xampp/htdocs/ci4-server/system/Commands/Database/Migrate.php(84): CodeIgniter\Database\MigrationRunner->latest()
#9 /media/kev/Data/xampp/htdocs/ci4-server/system/CLI/Commands.php(65): CodeIgniter\Commands\Database\Migrate->run()
#10 /media/kev/Data/xampp/htdocs/ci4-server/system/CLI/Console.php(37): CodeIgniter\CLI\Commands->run()
#11 /media/kev/Data/xampp/htdocs/ci4-server/spark(97): CodeIgniter\CLI\Console->run()
#12 {main}

Next mysqli_sql_exception: php_network_getaddresses: getaddrinfo for mysqldb failed: Temporary failure in name resolution in /media/kev/Data/xampp/htdocs/ci4-server/system/Database/MySQLi/Connection.php:174
Stack trace:
#0 /media/kev/Data/xampp/htdocs/ci4-server/system/Database/MySQLi/Connection.php(174): mysqli->real_connect()
#1 /media/kev/Data/xampp/htdocs/ci4-server/system/Database/BaseConnection.php(391): CodeIgniter\Database\MySQLi\Connection->connect()
#2 /media/kev/Data/xampp/htdocs/ci4-server/system/Database/BaseConnection.php(573): CodeIgniter\Database\BaseConnection->initialize()
#3 /media/kev/Data/xampp/htdocs/ci4-server/system/Database/BaseConnection.php(1408): CodeIgniter\Database\BaseConnection->query()
#4 /media/kev/Data/xampp/htdocs/ci4-server/system/Database/BaseConnection.php(1427): CodeIgniter\Database\BaseConnection->listTables()
#5 /media/kev/Data/xampp/htdocs/ci4-server/system/Database/MigrationRunner.php(768): CodeIgniter\Database\BaseConnection->tableExists()
#6 /media/kev/Data/xampp/htdocs/ci4-server/system/Database/MigrationRunner.php(168): CodeIgniter\Database\MigrationRunner->ensureTable()
#7 /media/kev/Data/xampp/htdocs/ci4-server/system/Commands/Database/Migrate.php(84): CodeIgniter\Database\MigrationRunner->latest()
#8 /media/kev/Data/xampp/htdocs/ci4-server/system/CLI/Commands.php(65): CodeIgniter\Commands\Database\Migrate->run()
#9 /media/kev/Data/xampp/htdocs/ci4-server/system/CLI/Console.php(37): CodeIgniter\CLI\Commands->run()
#10 /media/kev/Data/xampp/htdocs/ci4-server/spark(97): CodeIgniter\CLI\Console->run()
#11 {main}

Next CodeIgniter\Database\Exceptions\DatabaseException: php_network_getaddresses: getaddrinfo for mysqldb failed: Temporary failure in name resolution in /media/kev/Data/xampp/htdocs/ci4-server/system/Database/MySQLi/Connection.php:218
Stack trace:
#0 /media/kev/Data/xampp/htdocs/ci4-server/system/Database/BaseConnection.php(391): CodeIgniter\Database\MySQLi\Connection->connect()
#1 /media/kev/Data/xampp/htdocs/ci4-server/system/Database/BaseConnection.php(573): CodeIgniter\Database\BaseConnection->initialize()
#2 /media/kev/Data/xampp/htdocs/ci4-server/system/Database/BaseConnection.php(1408): CodeIgniter\Database\BaseConnection->query()
#3 /media/kev/Data/xampp/htdocs/ci4-server/system/Database/BaseConnection.php(1427): CodeIgniter\Database\BaseConnection->listTables()
#4 /media/kev/Data/xampp/htdocs/ci4-server/system/Database/MigrationRunner.php(768): CodeIgniter\Database\BaseConnection->tableExists()
#5 /media/kev/Data/xampp/htdocs/ci4-server/system/Database/MigrationRunner.php(168): CodeIgniter\Database\MigrationRunner->ensureTable()
#6 /media/kev/Data/xampp/htdocs/ci4-server/system/Commands/Database/Migrate.php(84): CodeIgniter\Database\MigrationRunner->latest()
#7 /media/kev/Data/xampp/htdocs/ci4-server/system/CLI/Commands.php(65): CodeIgniter\Commands\Database\Migrate->run()
#8 /media/kev/Data/xampp/htdocs/ci4-server/system/CLI/Console.php(37): CodeIgniter\CLI\Commands->run()
#9 /media/kev/Data/xampp/htdocs/ci4-server/spark(97): CodeIgniter\CLI\Console->run()
#10 {main}
ERROR - 2023-02-11 14:22:22 --> Error connecting to the database: mysqli_sql_exception: Access denied for user 'root'@'localhost' (using password: YES) in /media/kev/Data/xampp/htdocs/ci4-server/system/Database/MySQLi/Connection.php:174
Stack trace:
#0 /media/kev/Data/xampp/htdocs/ci4-server/system/Database/MySQLi/Connection.php(174): mysqli->real_connect()
#1 /media/kev/Data/xampp/htdocs/ci4-server/system/Database/BaseConnection.php(391): CodeIgniter\Database\MySQLi\Connection->connect()
#2 /media/kev/Data/xampp/htdocs/ci4-server/system/Database/BaseConnection.php(573): CodeIgniter\Database\BaseConnection->initialize()
#3 /media/kev/Data/xampp/htdocs/ci4-server/system/Database/BaseConnection.php(1408): CodeIgniter\Database\BaseConnection->query()
#4 /media/kev/Data/xampp/htdocs/ci4-server/system/Database/BaseConnection.php(1427): CodeIgniter\Database\BaseConnection->listTables()
#5 /media/kev/Data/xampp/htdocs/ci4-server/system/Database/MigrationRunner.php(768): CodeIgniter\Database\BaseConnection->tableExists()
#6 /media/kev/Data/xampp/htdocs/ci4-server/system/Database/MigrationRunner.php(168): CodeIgniter\Database\MigrationRunner->ensureTable()
#7 /media/kev/Data/xampp/htdocs/ci4-server/system/Commands/Database/Migrate.php(84): CodeIgniter\Database\MigrationRunner->latest()
#8 /media/kev/Data/xampp/htdocs/ci4-server/system/CLI/Commands.php(65): CodeIgniter\Commands\Database\Migrate->run()
#9 /media/kev/Data/xampp/htdocs/ci4-server/system/CLI/Console.php(37): CodeIgniter\CLI\Commands->run()
#10 /media/kev/Data/xampp/htdocs/ci4-server/spark(97): CodeIgniter\CLI\Console->run()
#11 {main}

Next CodeIgniter\Database\Exceptions\DatabaseException: Access denied for user '****'@'localhost' (using password: YES) in /media/kev/Data/xampp/htdocs/ci4-server/system/Database/MySQLi/Connection.php:218
Stack trace:
#0 /media/kev/Data/xampp/htdocs/ci4-server/system/Database/BaseConnection.php(391): CodeIgniter\Database\MySQLi\Connection->connect()
#1 /media/kev/Data/xampp/htdocs/ci4-server/system/Database/BaseConnection.php(573): CodeIgniter\Database\BaseConnection->initialize()
#2 /media/kev/Data/xampp/htdocs/ci4-server/system/Database/BaseConnection.php(1408): CodeIgniter\Database\BaseConnection->query()
#3 /media/kev/Data/xampp/htdocs/ci4-server/system/Database/BaseConnection.php(1427): CodeIgniter\Database\BaseConnection->listTables()
#4 /media/kev/Data/xampp/htdocs/ci4-server/system/Database/MigrationRunner.php(768): CodeIgniter\Database\BaseConnection->tableExists()
#5 /media/kev/Data/xampp/htdocs/ci4-server/system/Database/MigrationRunner.php(168): CodeIgniter\Database\MigrationRunner->ensureTable()
#6 /media/kev/Data/xampp/htdocs/ci4-server/system/Commands/Database/Migrate.php(84): CodeIgniter\Database\MigrationRunner->latest()
#7 /media/kev/Data/xampp/htdocs/ci4-server/system/CLI/Commands.php(65): CodeIgniter\Commands\Database\Migrate->run()
#8 /media/kev/Data/xampp/htdocs/ci4-server/system/CLI/Console.php(37): CodeIgniter\CLI\Commands->run()
#9 /media/kev/Data/xampp/htdocs/ci4-server/spark(97): CodeIgniter\CLI\Console->run()
#10 {main}
ERROR - 2023-02-11 14:23:29 --> Error connecting to the database: mysqli_sql_exception: Access denied for user 'root'@'localhost' (using password: YES) in /media/kev/Data/xampp/htdocs/ci4-server/system/Database/MySQLi/Connection.php:174
Stack trace:
#0 /media/kev/Data/xampp/htdocs/ci4-server/system/Database/MySQLi/Connection.php(174): mysqli->real_connect()
#1 /media/kev/Data/xampp/htdocs/ci4-server/system/Database/BaseConnection.php(391): CodeIgniter\Database\MySQLi\Connection->connect()
#2 /media/kev/Data/xampp/htdocs/ci4-server/system/Database/BaseConnection.php(573): CodeIgniter\Database\BaseConnection->initialize()
#3 /media/kev/Data/xampp/htdocs/ci4-server/system/Database/BaseConnection.php(1408): CodeIgniter\Database\BaseConnection->query()
#4 /media/kev/Data/xampp/htdocs/ci4-server/system/Database/BaseConnection.php(1427): CodeIgniter\Database\BaseConnection->listTables()
#5 /media/kev/Data/xampp/htdocs/ci4-server/system/Database/MigrationRunner.php(768): CodeIgniter\Database\BaseConnection->tableExists()
#6 /media/kev/Data/xampp/htdocs/ci4-server/system/Database/MigrationRunner.php(168): CodeIgniter\Database\MigrationRunner->ensureTable()
#7 /media/kev/Data/xampp/htdocs/ci4-server/system/Commands/Database/Migrate.php(84): CodeIgniter\Database\MigrationRunner->latest()
#8 /media/kev/Data/xampp/htdocs/ci4-server/system/CLI/Commands.php(65): CodeIgniter\Commands\Database\Migrate->run()
#9 /media/kev/Data/xampp/htdocs/ci4-server/system/CLI/Console.php(37): CodeIgniter\CLI\Commands->run()
#10 /media/kev/Data/xampp/htdocs/ci4-server/spark(97): CodeIgniter\CLI\Console->run()
#11 {main}

Next CodeIgniter\Database\Exceptions\DatabaseException: Access denied for user '****'@'localhost' (using password: YES) in /media/kev/Data/xampp/htdocs/ci4-server/system/Database/MySQLi/Connection.php:218
Stack trace:
#0 /media/kev/Data/xampp/htdocs/ci4-server/system/Database/BaseConnection.php(391): CodeIgniter\Database\MySQLi\Connection->connect()
#1 /media/kev/Data/xampp/htdocs/ci4-server/system/Database/BaseConnection.php(573): CodeIgniter\Database\BaseConnection->initialize()
#2 /media/kev/Data/xampp/htdocs/ci4-server/system/Database/BaseConnection.php(1408): CodeIgniter\Database\BaseConnection->query()
#3 /media/kev/Data/xampp/htdocs/ci4-server/system/Database/BaseConnection.php(1427): CodeIgniter\Database\BaseConnection->listTables()
#4 /media/kev/Data/xampp/htdocs/ci4-server/system/Database/MigrationRunner.php(768): CodeIgniter\Database\BaseConnection->tableExists()
#5 /media/kev/Data/xampp/htdocs/ci4-server/system/Database/MigrationRunner.php(168): CodeIgniter\Database\MigrationRunner->ensureTable()
#6 /media/kev/Data/xampp/htdocs/ci4-server/system/Commands/Database/Migrate.php(84): CodeIgniter\Database\MigrationRunner->latest()
#7 /media/kev/Data/xampp/htdocs/ci4-server/system/CLI/Commands.php(65): CodeIgniter\Commands\Database\Migrate->run()
#8 /media/kev/Data/xampp/htdocs/ci4-server/system/CLI/Console.php(37): CodeIgniter\CLI\Commands->run()
#9 /media/kev/Data/xampp/htdocs/ci4-server/spark(97): CodeIgniter\CLI\Console->run()
#10 {main}
ERROR - 2023-02-11 14:24:12 --> Error connecting to the database: mysqli_sql_exception: Access denied for user 'root'@'localhost' (using password: YES) in /media/kev/Data/xampp/htdocs/ci4-server/system/Database/MySQLi/Connection.php:174
Stack trace:
#0 /media/kev/Data/xampp/htdocs/ci4-server/system/Database/MySQLi/Connection.php(174): mysqli->real_connect()
#1 /media/kev/Data/xampp/htdocs/ci4-server/system/Database/BaseConnection.php(391): CodeIgniter\Database\MySQLi\Connection->connect()
#2 /media/kev/Data/xampp/htdocs/ci4-server/system/Database/BaseConnection.php(573): CodeIgniter\Database\BaseConnection->initialize()
#3 /media/kev/Data/xampp/htdocs/ci4-server/system/Database/BaseConnection.php(1408): CodeIgniter\Database\BaseConnection->query()
#4 /media/kev/Data/xampp/htdocs/ci4-server/system/Database/BaseConnection.php(1427): CodeIgniter\Database\BaseConnection->listTables()
#5 /media/kev/Data/xampp/htdocs/ci4-server/system/Database/MigrationRunner.php(768): CodeIgniter\Database\BaseConnection->tableExists()
#6 /media/kev/Data/xampp/htdocs/ci4-server/system/Database/MigrationRunner.php(168): CodeIgniter\Database\MigrationRunner->ensureTable()
#7 /media/kev/Data/xampp/htdocs/ci4-server/system/Commands/Database/Migrate.php(84): CodeIgniter\Database\MigrationRunner->latest()
#8 /media/kev/Data/xampp/htdocs/ci4-server/system/CLI/Commands.php(65): CodeIgniter\Commands\Database\Migrate->run()
#9 /media/kev/Data/xampp/htdocs/ci4-server/system/CLI/Console.php(37): CodeIgniter\CLI\Commands->run()
#10 /media/kev/Data/xampp/htdocs/ci4-server/spark(97): CodeIgniter\CLI\Console->run()
#11 {main}

Next CodeIgniter\Database\Exceptions\DatabaseException: Access denied for user '****'@'localhost' (using password: YES) in /media/kev/Data/xampp/htdocs/ci4-server/system/Database/MySQLi/Connection.php:218
Stack trace:
#0 /media/kev/Data/xampp/htdocs/ci4-server/system/Database/BaseConnection.php(391): CodeIgniter\Database\MySQLi\Connection->connect()
#1 /media/kev/Data/xampp/htdocs/ci4-server/system/Database/BaseConnection.php(573): CodeIgniter\Database\BaseConnection->initialize()
#2 /media/kev/Data/xampp/htdocs/ci4-server/system/Database/BaseConnection.php(1408): CodeIgniter\Database\BaseConnection->query()
#3 /media/kev/Data/xampp/htdocs/ci4-server/system/Database/BaseConnection.php(1427): CodeIgniter\Database\BaseConnection->listTables()
#4 /media/kev/Data/xampp/htdocs/ci4-server/system/Database/MigrationRunner.php(768): CodeIgniter\Database\BaseConnection->tableExists()
#5 /media/kev/Data/xampp/htdocs/ci4-server/system/Database/MigrationRunner.php(168): CodeIgniter\Database\MigrationRunner->ensureTable()
#6 /media/kev/Data/xampp/htdocs/ci4-server/system/Commands/Database/Migrate.php(84): CodeIgniter\Database\MigrationRunner->latest()
#7 /media/kev/Data/xampp/htdocs/ci4-server/system/CLI/Commands.php(65): CodeIgniter\Commands\Database\Migrate->run()
#8 /media/kev/Data/xampp/htdocs/ci4-server/system/CLI/Console.php(37): CodeIgniter\CLI\Commands->run()
#9 /media/kev/Data/xampp/htdocs/ci4-server/spark(97): CodeIgniter\CLI\Console->run()
#10 {main}
